---------------------------------------
Begin PBS Prologue Tue Oct 13 01:42:17 EDT 2020
Job ID:     22908.sched-pace-ice.pace.gatech.edu
User ID:    jthomas8
Job name:   cs6210-project2-mpi-10
Queue:      pace-ice
End PBS Prologue Tue Oct 13 01:42:17 EDT 2020
---------------------------------------
Started on atl1-1-02-012-8-l.pace.gatech.edu
Nodes chosen are:
atl1-1-02-012-8-l.pace.gatech.edu
atl1-1-02-012-9-l.pace.gatech.edu
atl1-1-02-012-9-r.pace.gatech.edu
atl1-1-02-012-10-l.pace.gatech.edu
atl1-1-02-012-10-r.pace.gatech.edu
atl1-1-02-012-11-l.pace.gatech.edu
atl1-1-02-012-5-l.pace.gatech.edu
atl1-1-02-012-5-r.pace.gatech.edu
atl1-1-02-012-6-l.pace.gatech.edu
atl1-1-02-012-6-r.pace.gatech.edu

Lmod is automatically replacing "intel/19.0.5" with "gcc/8.3.0".


Due to MODULEPATH changes, the following have been reloaded:
  1) mvapich2/2.3.2

mcs num threads: 10
mcs num threads: 10
mcs num threads: 10
mcs num threads: 10
mcs num threads: 10
mcs num threads: 10
mcs num threads: 10
mcs num threads: 10
mcs num threads: 10
mcs num threads: 10
avg time on 5 used in us: 8.064725
avg time on 4 used in us: 8.064716
avg time on 7 used in us: 8.064730
avg time on 9 used in us: 8.064797
avg time on 8 used in us: 8.064766
avg time on 2 used in us: 8.064694
avg time on 1 used in us: 8.064694
avg time on 6 used in us: 8.064756
avg time on 3 used in us: 8.064642
avg time on 0 used in us: 8.064618
dessimination barrier rank: 2
dessimination barrier rank: 5
dessimination barrier rank: 0
dessimination barrier rank: 8
dessimination barrier rank: 9
dessimination barrier rank: 6
dessimination barrier rank: 7
dessimination barrier rank: 4
dessimination barrier rank: 3
dessimination barrier rank: 1
Average time us: 6.340327 on proc: 5
Average time us: 6.340232 on proc: 4
Average time us: 6.340334 on proc: 7
Average time us: 6.340387 on proc: 9
Average time us: 6.340361 on proc: 8
Average time us: 6.340301 on proc: 6
Average time us: 6.340301 on proc: 2
Average time us: 6.340296 on proc: 1
Average time us: 6.340210 on proc: 0
Average time us: 6.340170 on proc: 3
---------------------------------------
Begin PBS Epilogue Tue Oct 13 01:42:29 EDT 2020
Job ID:     22908.sched-pace-ice.pace.gatech.edu
User ID:    jthomas8
Job name:   cs6210-project2-mpi-10
Resources:  nodes=1:ppn=1+1:ppn=1+1:ppn=1+1:ppn=1+1:ppn=1+1:ppn=1+1:ppn=1+1:ppn=1+1:ppn=1+1:ppn=1,mem=1gb,walltime=00:30:00,neednodes=1:ppn=1+1:ppn=1+1:ppn=1+1:ppn=1+1:ppn=1+1:ppn=1+1:ppn=1+1:ppn=1+1:ppn=1+1:ppn=1
Rsrc Used:  cput=00:00:15,vmem=2131244kb,walltime=00:00:10,mem=142004kb,energy_used=0
Queue:      pace-ice
Nodes:     
atl1-1-02-012-10-l.pace.gatech.edu atl1-1-02-012-10-r.pace.gatech.edu 
atl1-1-02-012-11-l.pace.gatech.edu atl1-1-02-012-5-l.pace.gatech.edu 
atl1-1-02-012-5-r.pace.gatech.edu atl1-1-02-012-6-l.pace.gatech.edu 
atl1-1-02-012-6-r.pace.gatech.edu atl1-1-02-012-8-l.pace.gatech.edu 
atl1-1-02-012-9-l.pace.gatech.edu atl1-1-02-012-9-r.pace.gatech.edu
End PBS Epilogue Tue Oct 13 01:42:29 EDT 2020
---------------------------------------
