---------------------------------------
Begin PBS Prologue Tue Oct 13 00:16:47 EDT 2020
Job ID:     21764.sched-pace-ice.pace.gatech.edu
User ID:    jthomas8
Job name:   cs6210-project2-mpi-11
Queue:      pace-ice
End PBS Prologue Tue Oct 13 00:16:47 EDT 2020
---------------------------------------
Started on atl1-1-02-012-7-r.pace.gatech.edu
Nodes chosen are:
atl1-1-02-012-7-r.pace.gatech.edu
atl1-1-02-012-8-l.pace.gatech.edu
atl1-1-02-012-8-r.pace.gatech.edu
atl1-1-02-012-9-l.pace.gatech.edu
atl1-1-02-012-9-r.pace.gatech.edu
atl1-1-02-012-10-l.pace.gatech.edu
atl1-1-02-012-10-r.pace.gatech.edu
atl1-1-02-012-11-l.pace.gatech.edu
atl1-1-02-012-5-l.pace.gatech.edu
atl1-1-02-012-5-r.pace.gatech.edu
atl1-1-02-012-6-l.pace.gatech.edu

Lmod is automatically replacing "intel/19.0.5" with "gcc/8.3.0".


Due to MODULEPATH changes, the following have been reloaded:
  1) mvapich2/2.3.2

mcs num threads: 11
mcs num threads: 11
mcs num threads: 11
mcs num threads: 11
mcs num threads: 11
mcs num threads: 11
mcs num threads: 11
mcs num threads: 11
mcs num threads: 11
mcs num threads: 11
mcs num threads: 11
avg time on 7 used in us: 8.369815
avg time on 6 used in us: 8.369803
avg time on 9 used in us: 8.369863
avg time on 10 used in us: 8.369777
avg time on 0 used in us: 8.369699
avg time on 2 used in us: 8.369765
avg time on 5 used in us: 8.369784
avg time on 1 used in us: 8.369884
avg time on 8 used in us: 8.369813
avg time on 4 used in us: 8.369811
avg time on 3 used in us: 8.369777
dessimination barrier rank: 6
dessimination barrier rank: 0
dessimination barrier rank: 2
dessimination barrier rank: 8
dessimination barrier rank: 4
dessimination barrier rank: 1
dessimination barrier rank: 3
dessimination barrier rank: 5
dessimination barrier rank: 9
dessimination barrier rank: 7
dessimination barrier rank: 10
Average time us: 7.005420 on proc: 6
Average time us: 7.005444 on proc: 7
Average time us: 7.005439 on proc: 9
Average time us: 7.005355 on proc: 10
Average time us: 7.005332 on proc: 0
Average time us: 7.005370 on proc: 2
Average time us: 7.005434 on proc: 5
Average time us: 7.005341 on proc: 1
Average time us: 7.005396 on proc: 4
Average time us: 7.005420 on proc: 8
Average time us: 7.005394 on proc: 3
---------------------------------------
Begin PBS Epilogue Tue Oct 13 00:16:55 EDT 2020
Job ID:     21764.sched-pace-ice.pace.gatech.edu
User ID:    jthomas8
Job name:   cs6210-project2-mpi-11
Resources:  nodes=1:ppn=1+1:ppn=1+1:ppn=1+1:ppn=1+1:ppn=1+1:ppn=1+1:ppn=1+1:ppn=1+1:ppn=1+1:ppn=1+1:ppn=1,mem=1gb,walltime=00:10:00,neednodes=1:ppn=1+1:ppn=1+1:ppn=1+1:ppn=1+1:ppn=1+1:ppn=1+1:ppn=1+1:ppn=1+1:ppn=1+1:ppn=1+1:ppn=1
Rsrc Used:  cput=00:00:17,vmem=1806384kb,walltime=00:00:06,mem=95400kb,energy_used=0
Queue:      pace-ice
Nodes:     
atl1-1-02-012-10-l.pace.gatech.edu atl1-1-02-012-10-r.pace.gatech.edu 
atl1-1-02-012-11-l.pace.gatech.edu atl1-1-02-012-5-l.pace.gatech.edu 
atl1-1-02-012-5-r.pace.gatech.edu atl1-1-02-012-6-l.pace.gatech.edu 
atl1-1-02-012-7-r.pace.gatech.edu atl1-1-02-012-8-l.pace.gatech.edu 
atl1-1-02-012-8-r.pace.gatech.edu atl1-1-02-012-9-l.pace.gatech.edu 
atl1-1-02-012-9-r.pace.gatech.edu
End PBS Epilogue Tue Oct 13 00:16:55 EDT 2020
---------------------------------------
