---------------------------------------
Begin PBS Prologue Tue Oct 13 01:01:36 EDT 2020
Job ID:     22386.sched-pace-ice.pace.gatech.edu
User ID:    jthomas8
Job name:   cs6210-project2-mpi-8
Queue:      pace-ice
End PBS Prologue Tue Oct 13 01:01:36 EDT 2020
---------------------------------------
Started on atl1-1-02-012-8-r.pace.gatech.edu
Nodes chosen are:
atl1-1-02-012-8-r.pace.gatech.edu
atl1-1-02-012-9-l.pace.gatech.edu
atl1-1-02-012-9-r.pace.gatech.edu
atl1-1-02-012-10-l.pace.gatech.edu
atl1-1-02-012-11-l.pace.gatech.edu
atl1-1-02-012-5-l.pace.gatech.edu
atl1-1-02-012-6-l.pace.gatech.edu
atl1-1-02-012-6-r.pace.gatech.edu

Lmod is automatically replacing "intel/19.0.5" with "gcc/8.3.0".


Due to MODULEPATH changes, the following have been reloaded:
  1) mvapich2/2.3.2

mcs num threads: 8
mcs num threads: 8
mcs num threads: 8
mcs num threads: 8
mcs num threads: 8
mcs num threads: 8
mcs num threads: 8
mcs num threads: 8
avg time on 4 used in us: 7.416968
avg time on 7 used in us: 7.417021
avg time on 6 used in us: 7.417011
avg time on 0 used in us: 7.416921
avg time on 2 used in us: 7.417040
avg time on 1 used in us: 7.416978
avg time on 3 used in us: 7.416930
avg time on 5 used in us: 7.416918
dessimination barrier rank: 0
dessimination barrier rank: 5
dessimination barrier rank: 2
dessimination barrier rank: 3
dessimination barrier rank: 1
dessimination barrier rank: 6
dessimination barrier rank: 4
dessimination barrier rank: 7
Average time us: 4.877529 on proc: 4
Average time us: 4.877551 on proc: 7
Average time us: 4.877498 on proc: 6
Average time us: 4.877384 on proc: 0
Average time us: 4.877422 on proc: 3
Average time us: 4.877527 on proc: 2
Average time us: 4.877527 on proc: 1
Average time us: 4.877524 on proc: 5
---------------------------------------
Begin PBS Epilogue Tue Oct 13 01:01:46 EDT 2020
Job ID:     22386.sched-pace-ice.pace.gatech.edu
User ID:    jthomas8
Job name:   cs6210-project2-mpi-8
Resources:  nodes=1:ppn=1+1:ppn=1+1:ppn=1+1:ppn=1+1:ppn=1+1:ppn=1+1:ppn=1+1:ppn=1,mem=1gb,walltime=00:20:00,neednodes=1:ppn=1+1:ppn=1+1:ppn=1+1:ppn=1+1:ppn=1+1:ppn=1+1:ppn=1+1:ppn=1
Rsrc Used:  cput=00:00:10,vmem=1606252kb,walltime=00:00:07,mem=124684kb,energy_used=0
Queue:      pace-ice
Nodes:     
atl1-1-02-012-10-l.pace.gatech.edu atl1-1-02-012-11-l.pace.gatech.edu 
atl1-1-02-012-5-l.pace.gatech.edu atl1-1-02-012-6-l.pace.gatech.edu 
atl1-1-02-012-6-r.pace.gatech.edu atl1-1-02-012-8-r.pace.gatech.edu 
atl1-1-02-012-9-l.pace.gatech.edu atl1-1-02-012-9-r.pace.gatech.edu
End PBS Epilogue Tue Oct 13 01:01:46 EDT 2020
---------------------------------------
